<?xml version="1.0" encoding="UTF-8"?>
<!-- Generated by org.testng.reporters.JUnitXMLReporter -->
<testsuite ignored="0" hostname="DESKTOP-06AQ82R" failures="0" tests="2" name="GreenKart Tests" time="55.153" errors="0" timestamp="2026-05-05T13:29:34 GMT-06:00">
  <testcase classname="tests.TestCase1AddItems2Cart" name="addVeggiesToCartTest" time="10.897"/>
  <testcase classname="tests.TestCase2PromoCodeTest" name="applyPromoCodeAndValidateDiscountTest" time="16.298"/>
</testsuite> <!-- GreenKart Tests -->
